{"level":"info","message":"Hello from Acquisitions!","service":"acquisitions-api","timestamp":"2025-10-27T23:01:23.578Z"}
{"level":"info","message":"::1 - - [27/Oct/2025:23:01:23 +0000] \"GET / HTTP/1.1\" 200 24 \"-\" \"Mozilla/5.0 (Windows NT 10.0; Win64; x64) AppleWebKit/537.36 (KHTML, like Gecko) Chrome/141.0.0.0 Safari/537.36\"","service":"acquisitions-api","timestamp":"2025-10-27T23:01:23.614Z"}
{"level":"info","message":"Hello from Acquisitions!","service":"acquisitions-api","timestamp":"2025-10-28T11:46:18.132Z"}
{"level":"info","message":"::1 - - [28/Oct/2025:11:46:18 +0000] \"GET / HTTP/1.1\" 304 - \"-\" \"Mozilla/5.0 (Windows NT 10.0; Win64; x64) AppleWebKit/537.36 (KHTML, like Gecko) Chrome/141.0.0.0 Safari/537.36\"","service":"acquisitions-api","timestamp":"2025-10-28T11:46:18.180Z"}
{"level":"info","message":"::1 - - [28/Oct/2025:11:46:18 +0000] \"GET /favicon.ico HTTP/1.1\" 404 150 \"-\" \"Mozilla/5.0 (Windows NT 10.0; Win64; x64) AppleWebKit/537.36 (KHTML, like Gecko) Chrome/141.0.0.0 Safari/537.36\"","service":"acquisitions-api","timestamp":"2025-10-28T11:46:18.717Z"}
{"level":"info","message":"::1 - - [28/Oct/2025:11:46:33 +0000] \"GET /auth HTTP/1.1\" 404 143 \"-\" \"Mozilla/5.0 (Windows NT 10.0; Win64; x64) AppleWebKit/537.36 (KHTML, like Gecko) Chrome/141.0.0.0 Safari/537.36\"","service":"acquisitions-api","timestamp":"2025-10-28T11:46:33.744Z"}
{"level":"info","message":"::1 - - [28/Oct/2025:11:46:40 +0000] \"GET /health HTTP/1.1\" 200 74 \"-\" \"Mozilla/5.0 (Windows NT 10.0; Win64; x64) AppleWebKit/537.36 (KHTML, like Gecko) Chrome/141.0.0.0 Safari/537.36\"","service":"acquisitions-api","timestamp":"2025-10-28T11:46:40.342Z"}
{"level":"info","message":"::1 - - [28/Oct/2025:11:46:52 +0000] \"GET /api/auth HTTP/1.1\" 404 147 \"-\" \"Mozilla/5.0 (Windows NT 10.0; Win64; x64) AppleWebKit/537.36 (KHTML, like Gecko) Chrome/141.0.0.0 Safari/537.36\"","service":"acquisitions-api","timestamp":"2025-10-28T11:46:52.587Z"}
{"level":"info","message":"::1 - - [28/Oct/2025:11:46:58 +0000] \"GET /api/auth/sign-up HTTP/1.1\" 404 155 \"-\" \"Mozilla/5.0 (Windows NT 10.0; Win64; x64) AppleWebKit/537.36 (KHTML, like Gecko) Chrome/141.0.0.0 Safari/537.36\"","service":"acquisitions-api","timestamp":"2025-10-28T11:46:58.400Z"}
{"level":"info","message":"::1 - - [28/Oct/2025:11:47:17 +0000] \"GET /api/auth HTTP/1.1\" 404 147 \"-\" \"Mozilla/5.0 (Windows NT 10.0; Win64; x64) AppleWebKit/537.36 (KHTML, like Gecko) Chrome/141.0.0.0 Safari/537.36\"","service":"acquisitions-api","timestamp":"2025-10-28T11:47:17.875Z"}
{"level":"info","message":"Hello from Acquisitions!","service":"acquisitions-api","timestamp":"2025-10-28T11:50:01.100Z"}
{"level":"info","message":"::1 - - [28/Oct/2025:11:50:01 +0000] \"GET / HTTP/1.1\" 200 24 \"-\" \"HTTPie\"","service":"acquisitions-api","timestamp":"2025-10-28T11:50:01.102Z"}
{"level":"info","message":"::1 - - [28/Oct/2025:11:50:06 +0000] \"GET /health HTTP/1.1\" 200 75 \"-\" \"HTTPie\"","service":"acquisitions-api","timestamp":"2025-10-28T11:50:06.389Z"}
{"level":"info","message":"::1 - - [28/Oct/2025:11:50:14 +0000] \"GET /api/auth HTTP/1.1\" 404 147 \"-\" \"HTTPie\"","service":"acquisitions-api","timestamp":"2025-10-28T11:50:14.736Z"}
{"level":"info","message":"Hello from Acquisitions!","service":"acquisitions-api","timestamp":"2025-10-28T11:50:29.765Z"}
{"level":"info","message":"::1 - - [28/Oct/2025:11:50:29 +0000] \"GET / HTTP/1.1\" 200 24 \"-\" \"HTTPie\"","service":"acquisitions-api","timestamp":"2025-10-28T11:50:29.767Z"}
{"level":"info","message":"::1 - - [28/Oct/2025:11:50:36 +0000] \"GET /health HTTP/1.1\" 200 75 \"-\" \"HTTPie\"","service":"acquisitions-api","timestamp":"2025-10-28T11:50:36.501Z"}
{"level":"info","message":"::1 - - [28/Oct/2025:11:50:42 +0000] \"GET /api HTTP/1.1\" 200 41 \"-\" \"HTTPie\"","service":"acquisitions-api","timestamp":"2025-10-28T11:50:42.428Z"}
{"level":"info","message":"::1 - - [28/Oct/2025:11:50:55 +0000] \"GET /health HTTP/1.1\" 200 75 \"-\" \"HTTPie\"","service":"acquisitions-api","timestamp":"2025-10-28T11:50:55.208Z"}
{"level":"info","message":"::1 - - [28/Oct/2025:11:53:08 +0000] \"POST /api/auth/sign-up HTTP/1.1\" 500 1404 \"-\" \"HTTPie\"","service":"acquisitions-api","timestamp":"2025-10-28T11:53:08.767Z"}
{"level":"info","message":"::1 - - [28/Oct/2025:11:53:14 +0000] \"POST /api/auth/sign-in HTTP/1.1\" 500 1405 \"-\" \"HTTPie\"","service":"acquisitions-api","timestamp":"2025-10-28T11:53:14.600Z"}
{"level":"info","message":"::1 - - [28/Oct/2025:11:53:55 +0000] \"POST /api/auth/sign-in HTTP/1.1\" 500 1405 \"-\" \"HTTPie\"","service":"acquisitions-api","timestamp":"2025-10-28T11:53:55.776Z"}
{"level":"info","message":"::1 - - [28/Oct/2025:11:54:25 +0000] \"POST /api/auth/sign-up HTTP/1.1\" 404 156 \"-\" \"HTTPie\"","service":"acquisitions-api","timestamp":"2025-10-28T11:54:25.114Z"}
{"level":"info","message":"::1 - - [28/Oct/2025:11:54:28 +0000] \"POST /api/auth/sign-up HTTP/1.1\" 404 156 \"-\" \"HTTPie\"","service":"acquisitions-api","timestamp":"2025-10-28T11:54:28.342Z"}
{"level":"info","message":"::1 - - [28/Oct/2025:11:54:49 +0000] \"POST /api/auth/sign-up HTTP/1.1\" 500 1424 \"-\" \"HTTPie\"","service":"acquisitions-api","timestamp":"2025-10-28T11:54:49.496Z"}
{"level":"info","message":"::1 - - [28/Oct/2025:11:57:31 +0000] \"POST /api/auth/sign-in HTTP/1.1\" 500 1425 \"-\" \"HTTPie\"","service":"acquisitions-api","timestamp":"2025-10-28T11:57:31.933Z"}
{"level":"info","message":"::1 - - [28/Oct/2025:11:59:08 +0000] \"POST /api/auth/sign-in HTTP/1.1\" 200 31 \"-\" \"HTTPie\"","service":"acquisitions-api","timestamp":"2025-10-28T11:59:08.375Z"}
{"level":"info","message":"::1 - - [28/Oct/2025:12:58:23 +0000] \"POST /api/auth/sign-up HTTP/1.1\" 400 287 \"-\" \"HTTPie\"","service":"acquisitions-api","timestamp":"2025-10-28T12:58:23.096Z"}
{"level":"info","message":"::1 - - [28/Oct/2025:13:03:42 +0000] \"POST /api/auth/sign-up HTTP/1.1\" 400 548 \"-\" \"HTTPie\"","service":"acquisitions-api","timestamp":"2025-10-28T13:03:42.783Z"}
{"level":"info","message":"User registered successfully: haba@gmail.com","service":"acquisitions-api","timestamp":"2025-10-28T13:04:15.624Z"}
{"level":"info","message":"::1 - - [28/Oct/2025:13:04:15 +0000] \"POST /api/auth/sign-up HTTP/1.1\" 201 100 \"-\" \"HTTPie\"","service":"acquisitions-api","timestamp":"2025-10-28T13:04:15.632Z"}
{"level":"info","message":"::1 - - [28/Oct/2025:13:04:54 +0000] \"POST /api/auth/sign-up HTTP/1.1\" 400 778 \"-\" \"HTTPie\"","service":"acquisitions-api","timestamp":"2025-10-28T13:04:54.471Z"}
{"level":"info","message":"::1 - - [28/Oct/2025:13:09:00 +0000] \"POST /api/auth/sign-up HTTP/1.1\" 400 415 \"-\" \"HTTPie\"","service":"acquisitions-api","timestamp":"2025-10-28T13:09:00.114Z"}
{"level":"error","message":"Error creating the user: ReferenceError: eq is not defined","service":"acquisitions-api","timestamp":"2025-10-28T14:06:33.994Z"}
{"level":"error","message":"Signup error:  Error creating the user","service":"acquisitions-api","stack":"Error: Error creating the user\n    at createUser (file:///C:/Users/fifof/OneDrive/Po%C4%8D%C3%ADta%C4%8D/React/acquisitions/src/services/auth.service.js:35:13)\n    at signup (file:///C:/Users/fifof/OneDrive/Po%C4%8D%C3%ADta%C4%8D/React/acquisitions/src/controllers/auth.controller.js:21:27)\n    at Layer.handleRequest (C:\\Users\\fifof\\OneDrive\\Počítač\\React\\acquisitions\\node_modules\\router\\lib\\layer.js:152:17)\n    at next (C:\\Users\\fifof\\OneDrive\\Počítač\\React\\acquisitions\\node_modules\\router\\lib\\route.js:157:13)\n    at Route.dispatch (C:\\Users\\fifof\\OneDrive\\Počítač\\React\\acquisitions\\node_modules\\router\\lib\\route.js:117:3)\n    at handle (C:\\Users\\fifof\\OneDrive\\Počítač\\React\\acquisitions\\node_modules\\router\\index.js:435:11)\n    at Layer.handleRequest (C:\\Users\\fifof\\OneDrive\\Počítač\\React\\acquisitions\\node_modules\\router\\lib\\layer.js:152:17)\n    at C:\\Users\\fifof\\OneDrive\\Počítač\\React\\acquisitions\\node_modules\\router\\index.js:295:15\n    at processParams (C:\\Users\\fifof\\OneDrive\\Počítač\\React\\acquisitions\\node_modules\\router\\index.js:582:12)\n    at next (C:\\Users\\fifof\\OneDrive\\Počítač\\React\\acquisitions\\node_modules\\router\\index.js:291:5)","timestamp":"2025-10-28T14:06:33.998Z"}
{"level":"info","message":"::1 - - [28/Oct/2025:14:06:34 +0000] \"POST /api/auth/sign-up HTTP/1.1\" 500 1437 \"-\" \"HTTPie\"","service":"acquisitions-api","timestamp":"2025-10-28T14:06:34.002Z"}
{"level":"error","message":"Error creating the user: ReferenceError: eq is not defined","service":"acquisitions-api","timestamp":"2025-10-28T14:06:40.875Z"}
{"level":"error","message":"Signup error:  Error creating the user","service":"acquisitions-api","stack":"Error: Error creating the user\n    at createUser (file:///C:/Users/fifof/OneDrive/Po%C4%8D%C3%ADta%C4%8D/React/acquisitions/src/services/auth.service.js:35:13)\n    at signup (file:///C:/Users/fifof/OneDrive/Po%C4%8D%C3%ADta%C4%8D/React/acquisitions/src/controllers/auth.controller.js:21:27)\n    at Layer.handleRequest (C:\\Users\\fifof\\OneDrive\\Počítač\\React\\acquisitions\\node_modules\\router\\lib\\layer.js:152:17)\n    at next (C:\\Users\\fifof\\OneDrive\\Počítač\\React\\acquisitions\\node_modules\\router\\lib\\route.js:157:13)\n    at Route.dispatch (C:\\Users\\fifof\\OneDrive\\Počítač\\React\\acquisitions\\node_modules\\router\\lib\\route.js:117:3)\n    at handle (C:\\Users\\fifof\\OneDrive\\Počítač\\React\\acquisitions\\node_modules\\router\\index.js:435:11)\n    at Layer.handleRequest (C:\\Users\\fifof\\OneDrive\\Počítač\\React\\acquisitions\\node_modules\\router\\lib\\layer.js:152:17)\n    at C:\\Users\\fifof\\OneDrive\\Počítač\\React\\acquisitions\\node_modules\\router\\index.js:295:15\n    at processParams (C:\\Users\\fifof\\OneDrive\\Počítač\\React\\acquisitions\\node_modules\\router\\index.js:582:12)\n    at next (C:\\Users\\fifof\\OneDrive\\Počítač\\React\\acquisitions\\node_modules\\router\\index.js:291:5)","timestamp":"2025-10-28T14:06:40.879Z"}
{"level":"info","message":"::1 - - [28/Oct/2025:14:06:40 +0000] \"POST /api/auth/sign-up HTTP/1.1\" 500 1437 \"-\" \"HTTPie\"","service":"acquisitions-api","timestamp":"2025-10-28T14:06:40.882Z"}
{"level":"error","message":"Error creating the user: Error: Failed query: insert into \"users\" (\"id\", \"name\", \"email\", \"email\", \"role\", \"created_at\", \"updated_at\") values (default, $1, $2, $3, $4, default, default) returning \"id\", \"name\", \"email\", \"role\", \"created_at\"\nparams: Admin,admin@gmail.com,$2b$10$UplDnCP9nfc5hg9YWDkzl.YF7f2TkyDzcGGKZoGRojnlhKVhNPMm6,admin","service":"acquisitions-api","timestamp":"2025-10-28T14:08:32.188Z"}
{"level":"error","message":"Signup error:  Error creating the user","service":"acquisitions-api","stack":"Error: Error creating the user\n    at createUser (file:///C:/Users/fifof/OneDrive/Po%C4%8D%C3%ADta%C4%8D/React/acquisitions/src/services/auth.service.js:36:13)\n    at process.processTicksAndRejections (node:internal/process/task_queues:105:5)\n    at async signup (file:///C:/Users/fifof/OneDrive/Po%C4%8D%C3%ADta%C4%8D/React/acquisitions/src/controllers/auth.controller.js:21:21)","timestamp":"2025-10-28T14:08:32.191Z"}
{"level":"info","message":"::1 - - [28/Oct/2025:14:08:32 +0000] \"POST /api/auth/sign-up HTTP/1.1\" 500 545 \"-\" \"HTTPie\"","service":"acquisitions-api","timestamp":"2025-10-28T14:08:32.195Z"}
{"level":"error","message":"Error creating the user: Error: Failed query: insert into \"users\" (\"id\", \"name\", \"email\", \"password\", \"role\", \"created_at\", \"updated_at\") values (default, $1, $2, $3, $4, default, default) returning \"id\", \"name\", \"email\", \"role\", \"created_at\"\nparams: Admin,admin@gmail.com,$2b$10$TOI5Ekg9siyV/HQjkcrQZ.h6DO4evzy8lXQE/v/Kxi4i7//6cjRYy,admin","service":"acquisitions-api","timestamp":"2025-10-28T14:12:10.123Z"}
{"level":"error","message":"Signup error:  Error creating the user","service":"acquisitions-api","stack":"Error: Error creating the user\n    at createUser (file:///C:/Users/fifof/OneDrive/Po%C4%8D%C3%ADta%C4%8D/React/acquisitions/src/services/auth.service.js:36:13)\n    at process.processTicksAndRejections (node:internal/process/task_queues:105:5)\n    at async signup (file:///C:/Users/fifof/OneDrive/Po%C4%8D%C3%ADta%C4%8D/React/acquisitions/src/controllers/auth.controller.js:21:21)","timestamp":"2025-10-28T14:12:10.128Z"}
{"level":"info","message":"::1 - - [28/Oct/2025:14:12:10 +0000] \"POST /api/auth/sign-up HTTP/1.1\" 500 545 \"-\" \"HTTPie\"","service":"acquisitions-api","timestamp":"2025-10-28T14:12:10.136Z"}
{"level":"error","message":"Error creating the user: Error: Failed query: insert into \"users\" (\"id\", \"name\", \"email\", \"password\", \"role\", \"created_at\", \"updated_at\") values (default, $1, $2, $3, $4, default, default) returning \"id\", \"name\", \"email\", \"role\", \"created_at\"\nparams: Admin,admin@gmail.com,$2b$10$symVxTrOixnXgeD8T7tISOxmJtlGZVadFGaHYptDt9CvZGxk.qCR.,admin","service":"acquisitions-api","timestamp":"2025-10-28T14:12:22.048Z"}
{"level":"error","message":"Signup error:  Error creating the user","service":"acquisitions-api","stack":"Error: Error creating the user\n    at createUser (file:///C:/Users/fifof/OneDrive/Po%C4%8D%C3%ADta%C4%8D/React/acquisitions/src/services/auth.service.js:36:13)\n    at process.processTicksAndRejections (node:internal/process/task_queues:105:5)\n    at async signup (file:///C:/Users/fifof/OneDrive/Po%C4%8D%C3%ADta%C4%8D/React/acquisitions/src/controllers/auth.controller.js:21:21)","timestamp":"2025-10-28T14:12:22.052Z"}
{"level":"info","message":"::1 - - [28/Oct/2025:14:12:22 +0000] \"POST /api/auth/sign-up HTTP/1.1\" 500 545 \"-\" \"HTTPie\"","service":"acquisitions-api","timestamp":"2025-10-28T14:12:22.057Z"}
{"level":"info","message":"User created successfully: admin@gmail.com","service":"acquisitions-api","timestamp":"2025-10-28T14:13:37.568Z"}
{"level":"info","message":"User registered successfully: admin@gmail.com","service":"acquisitions-api","timestamp":"2025-10-28T14:13:37.574Z"}
{"level":"info","message":"::1 - - [28/Oct/2025:14:13:37 +0000] \"POST /api/auth/sign-up HTTP/1.1\" 201 101 \"-\" \"HTTPie\"","service":"acquisitions-api","timestamp":"2025-10-28T14:13:37.579Z"}
{"level":"info","message":"User created successfully: fiki@gmail.com","service":"acquisitions-api","timestamp":"2025-10-28T14:14:22.706Z"}
{"level":"info","message":"User registered successfully: fiki@gmail.com","service":"acquisitions-api","timestamp":"2025-10-28T14:14:22.708Z"}
{"level":"info","message":"::1 - - [28/Oct/2025:14:14:22 +0000] \"POST /api/auth/sign-up HTTP/1.1\" 201 99 \"-\" \"HTTPie\"","service":"acquisitions-api","timestamp":"2025-10-28T14:14:22.710Z"}
{"level":"info","message":"User authenticated successfully: fiki@gmail.com","service":"acquisitions-api","timestamp":"2025-10-29T22:04:38.671Z"}
{"level":"info","message":"User signed in successfully: fiki@gmail.com","service":"acquisitions-api","timestamp":"2025-10-29T22:04:38.678Z"}
{"level":"info","message":"::1 - - [29/Oct/2025:22:04:38 +0000] \"POST /api/auth/sign-in HTTP/1.1\" 200 98 \"-\" \"HTTPie\"","service":"acquisitions-api","timestamp":"2025-10-29T22:04:38.681Z"}
{"level":"info","message":"User signed out","service":"acquisitions-api","timestamp":"2025-10-29T22:04:59.789Z"}
{"level":"info","message":"::1 - - [29/Oct/2025:22:04:59 +0000] \"POST /api/auth/sign-out HTTP/1.1\" 200 29 \"-\" \"HTTPie\"","service":"acquisitions-api","timestamp":"2025-10-29T22:04:59.792Z"}
{"level":"info","message":"::1 - - [29/Oct/2025:22:40:50 +0000] \"POST /health HTTP/1.1\" 404 146 \"-\" \"HTTPie\"","service":"acquisitions-api","timestamp":"2025-10-29T22:40:50.272Z"}
{"level":"info","message":"::1 - - [29/Oct/2025:22:40:56 +0000] \"GET /health HTTP/1.1\" 200 74 \"-\" \"HTTPie\"","service":"acquisitions-api","timestamp":"2025-10-29T22:40:56.266Z"}
{"level":"info","message":"::1 - - [29/Oct/2025:22:41:52 +0000] \"GET /health HTTP/1.1\" 200 74 \"-\" \"HTTPie\"","service":"acquisitions-api","timestamp":"2025-10-29T22:41:52.305Z"}
{"level":"info","message":"::1 - - [29/Oct/2025:22:41:52 +0000] \"GET /health HTTP/1.1\" 200 74 \"-\" \"HTTPie\"","service":"acquisitions-api","timestamp":"2025-10-29T22:41:52.504Z"}
{"level":"info","message":"::1 - - [29/Oct/2025:22:41:52 +0000] \"GET /health HTTP/1.1\" 200 74 \"-\" \"HTTPie\"","service":"acquisitions-api","timestamp":"2025-10-29T22:41:52.727Z"}
{"level":"info","message":"::1 - - [29/Oct/2025:22:41:53 +0000] \"GET /health HTTP/1.1\" 200 74 \"-\" \"HTTPie\"","service":"acquisitions-api","timestamp":"2025-10-29T22:41:53.189Z"}
{"level":"info","message":"::1 - - [29/Oct/2025:22:41:53 +0000] \"GET /health HTTP/1.1\" 200 73 \"-\" \"HTTPie\"","service":"acquisitions-api","timestamp":"2025-10-29T22:41:53.444Z"}
{"ip":"::1","level":"warn","message":"Rate limit exceeded","path":"/health","service":"acquisitions-api","timestamp":"2025-10-29T22:41:53.924Z","userAgent":"HTTPie"}
{"level":"info","message":"::1 - - [29/Oct/2025:22:41:53 +0000] \"GET /health HTTP/1.1\" 403 64 \"-\" \"HTTPie\"","service":"acquisitions-api","timestamp":"2025-10-29T22:41:53.925Z"}
{"ip":"::1","level":"warn","message":"Rate limit exceeded","path":"/health","service":"acquisitions-api","timestamp":"2025-10-29T22:41:54.385Z","userAgent":"HTTPie"}
{"level":"info","message":"::1 - - [29/Oct/2025:22:41:54 +0000] \"GET /health HTTP/1.1\" 403 64 \"-\" \"HTTPie\"","service":"acquisitions-api","timestamp":"2025-10-29T22:41:54.390Z"}
{"ip":"::1","level":"warn","message":"Rate limit exceeded","path":"/health","service":"acquisitions-api","timestamp":"2025-10-29T22:41:54.944Z","userAgent":"HTTPie"}
{"level":"info","message":"::1 - - [29/Oct/2025:22:41:54 +0000] \"GET /health HTTP/1.1\" 403 64 \"-\" \"HTTPie\"","service":"acquisitions-api","timestamp":"2025-10-29T22:41:54.945Z"}
{"ip":"::1","level":"warn","message":"Rate limit exceeded","path":"/health","service":"acquisitions-api","timestamp":"2025-10-29T22:41:57.895Z","userAgent":"HTTPie"}
{"level":"info","message":"::1 - - [29/Oct/2025:22:41:57 +0000] \"GET /health HTTP/1.1\" 403 64 \"-\" \"HTTPie\"","service":"acquisitions-api","timestamp":"2025-10-29T22:41:57.895Z"}
{"level":"info","message":"::1 - - [01/Nov/2025:15:03:30 +0000] \"GET /health HTTP/1.1\" 200 74 \"-\" \"HTTPie\"","service":"acquisitions-api","timestamp":"2025-11-01T15:03:30.238Z"}
{"level":"info","message":"::1 - - [01/Nov/2025:15:14:25 +0000] \"POST /sign-up HTTP/1.1\" 404 147 \"-\" \"HTTPie\"","service":"acquisitions-api","timestamp":"2025-11-01T15:14:25.989Z"}
{"level":"info","message":"::1 - - [01/Nov/2025:15:14:36 +0000] \"POST /sign-up HTTP/1.1\" 404 147 \"-\" \"HTTPie\"","service":"acquisitions-api","timestamp":"2025-11-01T15:14:36.355Z"}
{"level":"info","message":"::1 - - [01/Nov/2025:15:14:41 +0000] \"POST /api/sign-up HTTP/1.1\" 404 151 \"-\" \"HTTPie\"","service":"acquisitions-api","timestamp":"2025-11-01T15:14:41.709Z"}
{"level":"error","message":"Error creating the user: Error: Failed query: select \"id\", \"name\", \"email\", \"password\", \"role\", \"created_at\", \"updated_at\" from \"users\" where \"users\".\"email\" = $1 limit $2\nparams: fiki@gmail.com,1","service":"acquisitions-api","timestamp":"2025-11-01T15:16:03.079Z"}
{"level":"error","message":"Signup error:  Error creating the user","service":"acquisitions-api","stack":"Error: Error creating the user\n    at createUser (file:///C:/Users/fifof/OneDrive/Po%C4%8D%C3%ADta%C4%8D/React/acquisitions/src/services/auth.service.js:54:11)\n    at process.processTicksAndRejections (node:internal/process/task_queues:105:5)\n    at async signup (file:///C:/Users/fifof/OneDrive/Po%C4%8D%C3%ADta%C4%8D/React/acquisitions/src/controllers/auth.controller.js:20:18)","timestamp":"2025-11-01T15:16:03.083Z"}
{"level":"info","message":"::1 - - [01/Nov/2025:15:16:03 +0000] \"POST /api/auth/sign-up HTTP/1.1\" 500 545 \"-\" \"HTTPie\"","service":"acquisitions-api","timestamp":"2025-11-01T15:16:03.094Z"}
{"level":"error","message":"Error creating the user: Error: Failed query: select \"id\", \"name\", \"email\", \"password\", \"role\", \"created_at\", \"updated_at\" from \"users\" where \"users\".\"email\" = $1 limit $2\nparams: haba@gmail.com,1","service":"acquisitions-api","timestamp":"2025-11-01T15:18:19.732Z"}
{"level":"error","message":"Signup error:  Error creating the user","service":"acquisitions-api","stack":"Error: Error creating the user\n    at createUser (file:///C:/Users/fifof/OneDrive/Po%C4%8D%C3%ADta%C4%8D/React/acquisitions/src/services/auth.service.js:54:11)\n    at process.processTicksAndRejections (node:internal/process/task_queues:105:5)\n    at async signup (file:///C:/Users/fifof/OneDrive/Po%C4%8D%C3%ADta%C4%8D/React/acquisitions/src/controllers/auth.controller.js:20:18)","timestamp":"2025-11-01T15:18:19.733Z"}
{"level":"info","message":"::1 - - [01/Nov/2025:15:18:19 +0000] \"POST /api/auth/sign-up HTTP/1.1\" 500 545 \"-\" \"HTTPie\"","service":"acquisitions-api","timestamp":"2025-11-01T15:18:19.735Z"}
{"level":"info","message":"User created successfully: haba@gmail.com","service":"acquisitions-api","timestamp":"2025-11-01T15:19:28.379Z"}
{"level":"info","message":"User registered successfully: haba@gmail.com","service":"acquisitions-api","timestamp":"2025-11-01T15:19:28.433Z"}
{"level":"info","message":"::1 - - [01/Nov/2025:15:19:28 +0000] \"POST /api/auth/sign-up HTTP/1.1\" 201 100 \"-\" \"HTTPie\"","service":"acquisitions-api","timestamp":"2025-11-01T15:19:28.455Z"}
{"level":"info","message":"::1 - - [01/Nov/2025:15:39:20 +0000] \"GET /health HTTP/1.1\" 200 75 \"-\" \"-\"","service":"acquisitions-api","timestamp":"2025-11-01T15:39:20.186Z"}
{"level":"info","message":"::1 - - [01/Nov/2025:15:39:50 +0000] \"GET /health HTTP/1.1\" 200 76 \"-\" \"-\"","service":"acquisitions-api","timestamp":"2025-11-01T15:39:50.476Z"}
{"level":"info","message":"Hello from Acquisitions!","service":"acquisitions-api","timestamp":"2025-11-01T15:40:07.768Z"}
{"level":"info","message":"::ffff:172.19.0.1 - - [01/Nov/2025:15:40:07 +0000] \"GET / HTTP/1.1\" 200 24 \"-\" \"Mozilla/5.0 (Windows NT 10.0; Win64; x64) AppleWebKit/537.36 (KHTML, like Gecko) Chrome/141.0.0.0 Safari/537.36\"","service":"acquisitions-api","timestamp":"2025-11-01T15:40:07.785Z"}
{"level":"info","message":"::1 - - [01/Nov/2025:15:40:21 +0000] \"GET /health HTTP/1.1\" 200 75 \"-\" \"-\"","service":"acquisitions-api","timestamp":"2025-11-01T15:40:21.226Z"}
{"level":"info","message":"Hello from Acquisitions!","service":"acquisitions-api","timestamp":"2025-11-01T15:40:33.222Z"}
{"level":"info","message":"::ffff:172.19.0.1 - - [01/Nov/2025:15:40:33 +0000] \"GET / HTTP/1.1\" 200 24 \"-\" \"HTTPie\"","service":"acquisitions-api","timestamp":"2025-11-01T15:40:33.233Z"}
{"level":"info","message":"::ffff:172.19.0.1 - - [01/Nov/2025:15:40:38 +0000] \"GET /health HTTP/1.1\" 200 76 \"-\" \"HTTPie\"","service":"acquisitions-api","timestamp":"2025-11-01T15:40:38.688Z"}
{"level":"info","message":"::1 - - [01/Nov/2025:15:40:51 +0000] \"GET /health HTTP/1.1\" 200 76 \"-\" \"-\"","service":"acquisitions-api","timestamp":"2025-11-01T15:40:51.604Z"}
{"level":"info","message":"::1 - - [01/Nov/2025:15:41:21 +0000] \"GET /health HTTP/1.1\" 200 77 \"-\" \"-\"","service":"acquisitions-api","timestamp":"2025-11-01T15:41:21.941Z"}
{"level":"info","message":"::ffff:172.19.0.1 - - [01/Nov/2025:15:41:30 +0000] \"GET /api/auth/sign-up HTTP/1.1\" 404 155 \"-\" \"HTTPie\"","service":"acquisitions-api","timestamp":"2025-11-01T15:41:30.696Z"}
{"level":"info","message":"::1 - - [01/Nov/2025:15:41:52 +0000] \"GET /health HTTP/1.1\" 200 77 \"-\" \"-\"","service":"acquisitions-api","timestamp":"2025-11-01T15:41:52.365Z"}
{"level":"info","message":"::1 - - [01/Nov/2025:15:42:22 +0000] \"GET /health HTTP/1.1\" 200 77 \"-\" \"-\"","service":"acquisitions-api","timestamp":"2025-11-01T15:42:22.657Z"}
{"level":"info","message":"::1 - - [01/Nov/2025:15:42:53 +0000] \"GET /health HTTP/1.1\" 200 77 \"-\" \"-\"","service":"acquisitions-api","timestamp":"2025-11-01T15:42:53.026Z"}
{"level":"info","message":"::1 - - [01/Nov/2025:15:43:23 +0000] \"GET /health HTTP/1.1\" 200 77 \"-\" \"-\"","service":"acquisitions-api","timestamp":"2025-11-01T15:43:23.372Z"}
{"level":"error","message":"Error creating the user: Error: Failed query: select \"id\", \"name\", \"email\", \"password\", \"role\", \"created_at\", \"updated_at\" from \"users\" where \"users\".\"email\" = $1 limit $2\nparams: fiki@gmail.com,1","service":"acquisitions-api","timestamp":"2025-11-01T15:43:25.764Z"}
{"level":"error","message":"Signup error:  Error creating the user","service":"acquisitions-api","stack":"Error: Error creating the user\n    at createUser (file:///app/src/services/auth.service.js:54:11)\n    at process.processTicksAndRejections (node:internal/process/task_queues:95:5)\n    at async signup (file:///app/src/controllers/auth.controller.js:20:18)","timestamp":"2025-11-01T15:43:25.766Z"}
{"level":"info","message":"::ffff:172.19.0.1 - - [01/Nov/2025:15:43:25 +0000] \"POST /api/auth/sign-up HTTP/1.1\" 500 420 \"-\" \"HTTPie\"","service":"acquisitions-api","timestamp":"2025-11-01T15:43:25.780Z"}
{"level":"info","message":"::1 - - [01/Nov/2025:15:43:54 +0000] \"GET /health HTTP/1.1\" 200 77 \"-\" \"-\"","service":"acquisitions-api","timestamp":"2025-11-01T15:43:54.095Z"}
{"level":"info","message":"::1 - - [01/Nov/2025:15:44:24 +0000] \"GET /health HTTP/1.1\" 200 77 \"-\" \"-\"","service":"acquisitions-api","timestamp":"2025-11-01T15:44:24.472Z"}
{"level":"info","message":"::1 - - [01/Nov/2025:15:44:54 +0000] \"GET /health HTTP/1.1\" 200 77 \"-\" \"-\"","service":"acquisitions-api","timestamp":"2025-11-01T15:44:54.931Z"}
{"level":"info","message":"::1 - - [01/Nov/2025:15:45:25 +0000] \"GET /health HTTP/1.1\" 200 75 \"-\" \"-\"","service":"acquisitions-api","timestamp":"2025-11-01T15:45:25.344Z"}
{"level":"info","message":"::1 - - [01/Nov/2025:15:45:55 +0000] \"GET /health HTTP/1.1\" 200 77 \"-\" \"-\"","service":"acquisitions-api","timestamp":"2025-11-01T15:45:55.906Z"}
{"level":"info","message":"::1 - - [01/Nov/2025:15:46:26 +0000] \"GET /health HTTP/1.1\" 200 77 \"-\" \"-\"","service":"acquisitions-api","timestamp":"2025-11-01T15:46:26.927Z"}
{"level":"error","message":"Error creating the user: Error: Failed query: select \"id\", \"name\", \"email\", \"password\", \"role\", \"created_at\", \"updated_at\" from \"users\" where \"users\".\"email\" = $1 limit $2\nparams: fiki@gmail.com,1","service":"acquisitions-api","timestamp":"2025-11-01T15:46:35.953Z"}
{"level":"error","message":"Signup error:  Error creating the user","service":"acquisitions-api","stack":"Error: Error creating the user\n    at createUser (file:///app/src/services/auth.service.js:54:11)\n    at process.processTicksAndRejections (node:internal/process/task_queues:95:5)\n    at async signup (file:///app/src/controllers/auth.controller.js:20:18)","timestamp":"2025-11-01T15:46:35.959Z"}
{"level":"info","message":"::ffff:172.19.0.1 - - [01/Nov/2025:15:46:35 +0000] \"POST /api/auth/sign-up HTTP/1.1\" 500 420 \"-\" \"HTTPie\"","service":"acquisitions-api","timestamp":"2025-11-01T15:46:35.964Z"}
{"level":"info","message":"::1 - - [01/Nov/2025:15:46:57 +0000] \"GET /health HTTP/1.1\" 200 77 \"-\" \"-\"","service":"acquisitions-api","timestamp":"2025-11-01T15:46:57.279Z"}
{"level":"error","message":"Error creating the user: Error: Failed query: select \"id\", \"name\", \"email\", \"password\", \"role\", \"created_at\", \"updated_at\" from \"users\" where \"users\".\"email\" = $1 limit $2\nparams: fiki@gmail.com,1","service":"acquisitions-api","timestamp":"2025-11-01T15:47:05.381Z"}
{"level":"error","message":"Signup error:  Error creating the user","service":"acquisitions-api","stack":"Error: Error creating the user\n    at createUser (file:///app/src/services/auth.service.js:54:11)\n    at process.processTicksAndRejections (node:internal/process/task_queues:95:5)\n    at async signup (file:///app/src/controllers/auth.controller.js:20:18)","timestamp":"2025-11-01T15:47:05.382Z"}
{"level":"info","message":"::ffff:172.19.0.1 - - [01/Nov/2025:15:47:05 +0000] \"POST /api/auth/sign-up HTTP/1.1\" 500 420 \"-\" \"HTTPie\"","service":"acquisitions-api","timestamp":"2025-11-01T15:47:05.384Z"}
{"level":"error","message":"Error creating the user: Error: Failed query: select \"id\", \"name\", \"email\", \"password\", \"role\", \"created_at\", \"updated_at\" from \"users\" where \"users\".\"email\" = $1 limit $2\nparams: fiki@gmail.com,1","service":"acquisitions-api","timestamp":"2025-11-01T15:47:06.631Z"}
{"level":"error","message":"Signup error:  Error creating the user","service":"acquisitions-api","stack":"Error: Error creating the user\n    at createUser (file:///app/src/services/auth.service.js:54:11)\n    at process.processTicksAndRejections (node:internal/process/task_queues:95:5)\n    at async signup (file:///app/src/controllers/auth.controller.js:20:18)","timestamp":"2025-11-01T15:47:06.632Z"}
{"level":"info","message":"::ffff:172.19.0.1 - - [01/Nov/2025:15:47:06 +0000] \"POST /api/auth/sign-up HTTP/1.1\" 500 420 \"-\" \"HTTPie\"","service":"acquisitions-api","timestamp":"2025-11-01T15:47:06.635Z"}
{"level":"info","message":"::1 - - [01/Nov/2025:15:47:27 +0000] \"GET /health HTTP/1.1\" 200 77 \"-\" \"-\"","service":"acquisitions-api","timestamp":"2025-11-01T15:47:27.593Z"}
{"level":"info","message":"::1 - - [01/Nov/2025:15:47:57 +0000] \"GET /health HTTP/1.1\" 200 77 \"-\" \"-\"","service":"acquisitions-api","timestamp":"2025-11-01T15:47:57.860Z"}
{"level":"info","message":"::1 - - [01/Nov/2025:15:48:28 +0000] \"GET /health HTTP/1.1\" 200 77 \"-\" \"-\"","service":"acquisitions-api","timestamp":"2025-11-01T15:48:28.122Z"}
{"level":"info","message":"::1 - - [01/Nov/2025:15:48:58 +0000] \"GET /health HTTP/1.1\" 200 77 \"-\" \"-\"","service":"acquisitions-api","timestamp":"2025-11-01T15:48:58.446Z"}
{"level":"info","message":"::1 - - [01/Nov/2025:15:49:28 +0000] \"GET /health HTTP/1.1\" 200 75 \"-\" \"-\"","service":"acquisitions-api","timestamp":"2025-11-01T15:49:28.801Z"}
{"level":"info","message":"Hello from Acquisitions!","service":"acquisitions-api","timestamp":"2025-11-01T15:49:50.470Z"}
{"level":"info","message":"::ffff:172.19.0.1 - - [01/Nov/2025:15:49:50 +0000] \"GET / HTTP/1.1\" 304 - \"-\" \"Mozilla/5.0 (Windows NT 10.0; Win64; x64) AppleWebKit/537.36 (KHTML, like Gecko) Chrome/141.0.0.0 Safari/537.36\"","service":"acquisitions-api","timestamp":"2025-11-01T15:49:50.477Z"}
{"level":"info","message":"::1 - - [01/Nov/2025:15:49:59 +0000] \"GET /health HTTP/1.1\" 200 77 \"-\" \"-\"","service":"acquisitions-api","timestamp":"2025-11-01T15:49:59.104Z"}
{"level":"error","message":"Error creating the user: Error: Failed query: select \"id\", \"name\", \"email\", \"password\", \"role\", \"created_at\", \"updated_at\" from \"users\" where \"users\".\"email\" = $1 limit $2\nparams: fiki@gmail.com,1","service":"acquisitions-api","timestamp":"2025-11-01T15:49:59.374Z"}
{"level":"error","message":"Signup error:  Error creating the user","service":"acquisitions-api","stack":"Error: Error creating the user\n    at createUser (file:///app/src/services/auth.service.js:54:11)\n    at process.processTicksAndRejections (node:internal/process/task_queues:95:5)\n    at async signup (file:///app/src/controllers/auth.controller.js:20:18)","timestamp":"2025-11-01T15:49:59.375Z"}
{"level":"info","message":"::ffff:172.19.0.1 - - [01/Nov/2025:15:49:59 +0000] \"POST /api/auth/sign-up HTTP/1.1\" 500 420 \"-\" \"HTTPie\"","service":"acquisitions-api","timestamp":"2025-11-01T15:49:59.382Z"}
{"level":"error","message":"Error creating the user: Error: Failed query: select \"id\", \"name\", \"email\", \"password\", \"role\", \"created_at\", \"updated_at\" from \"users\" where \"users\".\"email\" = $1 limit $2\nparams: fiki@gmail.com,1","service":"acquisitions-api","timestamp":"2025-11-01T15:50:29.423Z"}
{"level":"error","message":"Signup error:  Error creating the user","service":"acquisitions-api","stack":"Error: Error creating the user\n    at createUser (file:///app/src/services/auth.service.js:54:11)\n    at process.processTicksAndRejections (node:internal/process/task_queues:95:5)\n    at async signup (file:///app/src/controllers/auth.controller.js:20:18)","timestamp":"2025-11-01T15:50:29.427Z"}
{"level":"info","message":"::ffff:172.19.0.1 - - [01/Nov/2025:15:50:29 +0000] \"POST /api/auth/sign-up HTTP/1.1\" 500 420 \"-\" \"HTTPie\"","service":"acquisitions-api","timestamp":"2025-11-01T15:50:29.434Z"}
{"level":"info","message":"::1 - - [01/Nov/2025:15:50:29 +0000] \"GET /health HTTP/1.1\" 200 77 \"-\" \"-\"","service":"acquisitions-api","timestamp":"2025-11-01T15:50:29.668Z"}
{"level":"info","message":"::1 - - [01/Nov/2025:15:50:59 +0000] \"GET /health HTTP/1.1\" 200 77 \"-\" \"-\"","service":"acquisitions-api","timestamp":"2025-11-01T15:50:59.959Z"}
{"level":"info","message":"::1 - - [01/Nov/2025:15:51:30 +0000] \"GET /health HTTP/1.1\" 200 77 \"-\" \"-\"","service":"acquisitions-api","timestamp":"2025-11-01T15:51:30.224Z"}
{"level":"info","message":"::1 - - [01/Nov/2025:15:52:00 +0000] \"GET /health HTTP/1.1\" 200 77 \"-\" \"-\"","service":"acquisitions-api","timestamp":"2025-11-01T15:52:00.515Z"}
{"level":"error","message":"Error authenticating the user: Error: Failed query: select \"id\", \"name\", \"email\", \"password\", \"role\", \"created_at\", \"updated_at\" from \"users\" where \"users\".\"email\" = $1 limit $2\nparams: haba@gmail.com,1","service":"acquisitions-api","timestamp":"2025-11-01T15:52:04.066Z"}
{"cause":{"name":"NeonDbError","sourceError":{}},"level":"error","message":"Signin error:  Failed query: select \"id\", \"name\", \"email\", \"password\", \"role\", \"created_at\", \"updated_at\" from \"users\" where \"users\".\"email\" = $1 limit $2\nparams: haba@gmail.com,1","params":["haba@gmail.com",1],"query":"select \"id\", \"name\", \"email\", \"password\", \"role\", \"created_at\", \"updated_at\" from \"users\" where \"users\".\"email\" = $1 limit $2","service":"acquisitions-api","stack":"Error: Failed query: select \"id\", \"name\", \"email\", \"password\", \"role\", \"created_at\", \"updated_at\" from \"users\" where \"users\".\"email\" = $1 limit $2\nparams: haba@gmail.com,1\n    at NeonHttpPreparedQuery.queryWithCache (file:///app/node_modules/drizzle-orm/pg-core/session.js:41:15)\n    at process.processTicksAndRejections (node:internal/process/task_queues:95:5)\n    at async NeonHttpPreparedQuery.execute (file:///app/node_modules/drizzle-orm/neon-http/session.js:45:20)\n    at async authenticateUser (file:///app/src/services/auth.service.js:60:20)\n    at async signin (file:///app/src/controllers/auth.controller.js:68:18)","timestamp":"2025-11-01T15:52:04.067Z"}
{"level":"info","message":"::ffff:172.19.0.1 - - [01/Nov/2025:15:52:04 +0000] \"POST /api/auth/sign-in HTTP/1.1\" 500 919 \"-\" \"HTTPie\"","service":"acquisitions-api","timestamp":"2025-11-01T15:52:04.083Z"}
{"level":"info","message":"::1 - - [01/Nov/2025:15:52:30 +0000] \"GET /health HTTP/1.1\" 200 77 \"-\" \"-\"","service":"acquisitions-api","timestamp":"2025-11-01T15:52:30.819Z"}
{"level":"info","message":"::1 - - [01/Nov/2025:15:53:01 +0000] \"GET /health HTTP/1.1\" 200 77 \"-\" \"-\"","service":"acquisitions-api","timestamp":"2025-11-01T15:53:01.188Z"}
{"level":"error","message":"Error creating the user: Error: Failed query: select \"id\", \"name\", \"email\", \"password\", \"role\", \"created_at\", \"updated_at\" from \"users\" where \"users\".\"email\" = $1 limit $2\nparams: fiki@gmail.com,1","service":"acquisitions-api","timestamp":"2025-11-01T15:53:19.200Z"}
{"level":"error","message":"Signup error:  Error creating the user","service":"acquisitions-api","stack":"Error: Error creating the user\n    at createUser (file:///app/src/services/auth.service.js:54:11)\n    at process.processTicksAndRejections (node:internal/process/task_queues:95:5)\n    at async signup (file:///app/src/controllers/auth.controller.js:20:18)","timestamp":"2025-11-01T15:53:19.208Z"}
{"level":"info","message":"::ffff:172.19.0.1 - - [01/Nov/2025:15:53:19 +0000] \"POST /api/auth/sign-up HTTP/1.1\" 500 420 \"-\" \"HTTPie\"","service":"acquisitions-api","timestamp":"2025-11-01T15:53:19.217Z"}
{"level":"info","message":"::1 - - [01/Nov/2025:15:53:31 +0000] \"GET /health HTTP/1.1\" 200 77 \"-\" \"-\"","service":"acquisitions-api","timestamp":"2025-11-01T15:53:31.439Z"}
{"level":"info","message":"::1 - - [01/Nov/2025:15:54:01 +0000] \"GET /health HTTP/1.1\" 200 76 \"-\" \"-\"","service":"acquisitions-api","timestamp":"2025-11-01T15:54:01.998Z"}
{"level":"info","message":"::1 - - [01/Nov/2025:15:56:20 +0000] \"GET /health HTTP/1.1\" 200 75 \"-\" \"-\"","service":"acquisitions-api","timestamp":"2025-11-01T15:56:20.859Z"}
{"level":"error","message":"Error creating the user: Error: Failed query: select \"id\", \"name\", \"email\", \"password\", \"role\", \"created_at\", \"updated_at\" from \"users\" where \"users\".\"email\" = $1 limit $2\nparams: fiki@gmail.com,1","service":"acquisitions-api","timestamp":"2025-11-01T15:56:40.112Z"}
{"level":"error","message":"Signup error:  Error creating the user","service":"acquisitions-api","stack":"Error: Error creating the user\n    at createUser (file:///app/src/services/auth.service.js:54:11)\n    at process.processTicksAndRejections (node:internal/process/task_queues:95:5)\n    at async signup (file:///app/src/controllers/auth.controller.js:20:18)","timestamp":"2025-11-01T15:56:40.113Z"}
{"level":"info","message":"::ffff:172.19.0.1 - - [01/Nov/2025:15:56:40 +0000] \"POST /api/auth/sign-up HTTP/1.1\" 500 420 \"-\" \"HTTPie\"","service":"acquisitions-api","timestamp":"2025-11-01T15:56:40.118Z"}
{"level":"info","message":"::1 - - [01/Nov/2025:15:56:51 +0000] \"GET /health HTTP/1.1\" 200 76 \"-\" \"-\"","service":"acquisitions-api","timestamp":"2025-11-01T15:56:51.104Z"}
{"level":"info","message":"::1 - - [01/Nov/2025:15:57:21 +0000] \"GET /health HTTP/1.1\" 200 76 \"-\" \"-\"","service":"acquisitions-api","timestamp":"2025-11-01T15:57:21.493Z"}
{"level":"info","message":"::1 - - [01/Nov/2025:15:57:51 +0000] \"GET /health HTTP/1.1\" 200 74 \"-\" \"-\"","service":"acquisitions-api","timestamp":"2025-11-01T15:57:51.765Z"}
{"level":"info","message":"::1 - - [01/Nov/2025:15:58:22 +0000] \"GET /health HTTP/1.1\" 200 77 \"-\" \"-\"","service":"acquisitions-api","timestamp":"2025-11-01T15:58:22.084Z"}
{"level":"info","message":"::1 - - [01/Nov/2025:15:58:52 +0000] \"GET /health HTTP/1.1\" 200 77 \"-\" \"-\"","service":"acquisitions-api","timestamp":"2025-11-01T15:58:52.361Z"}
{"level":"info","message":"::1 - - [01/Nov/2025:15:59:22 +0000] \"GET /health HTTP/1.1\" 200 77 \"-\" \"-\"","service":"acquisitions-api","timestamp":"2025-11-01T15:59:22.611Z"}
{"level":"info","message":"::1 - - [01/Nov/2025:15:59:52 +0000] \"GET /health HTTP/1.1\" 200 77 \"-\" \"-\"","service":"acquisitions-api","timestamp":"2025-11-01T15:59:52.924Z"}
{"level":"info","message":"::1 - - [01/Nov/2025:16:00:23 +0000] \"GET /health HTTP/1.1\" 200 77 \"-\" \"-\"","service":"acquisitions-api","timestamp":"2025-11-01T16:00:23.186Z"}
{"level":"info","message":"::1 - - [01/Nov/2025:16:00:53 +0000] \"GET /health HTTP/1.1\" 200 77 \"-\" \"-\"","service":"acquisitions-api","timestamp":"2025-11-01T16:00:53.519Z"}
{"level":"error","message":"Error creating the user: Error: Failed query: select \"id\", \"name\", \"email\", \"password\", \"role\", \"created_at\", \"updated_at\" from \"users\" where \"users\".\"email\" = $1 limit $2\nparams: fiki@gmail.com,1","service":"acquisitions-api","timestamp":"2025-11-01T16:01:14.974Z"}
{"level":"error","message":"Signup error:  Error creating the user","service":"acquisitions-api","stack":"Error: Error creating the user\n    at createUser (file:///app/src/services/auth.service.js:54:11)\n    at process.processTicksAndRejections (node:internal/process/task_queues:95:5)\n    at async signup (file:///app/src/controllers/auth.controller.js:20:18)","timestamp":"2025-11-01T16:01:14.980Z"}
{"level":"info","message":"::ffff:172.19.0.1 - - [01/Nov/2025:16:01:14 +0000] \"POST /api/auth/sign-up HTTP/1.1\" 500 420 \"-\" \"HTTPie\"","service":"acquisitions-api","timestamp":"2025-11-01T16:01:14.982Z"}
{"level":"info","message":"::1 - - [01/Nov/2025:16:01:23 +0000] \"GET /health HTTP/1.1\" 200 77 \"-\" \"-\"","service":"acquisitions-api","timestamp":"2025-11-01T16:01:23.832Z"}
{"level":"info","message":"::1 - - [01/Nov/2025:16:01:51 +0000] \"GET /health HTTP/1.1\" 200 75 \"-\" \"-\"","service":"acquisitions-api","timestamp":"2025-11-01T16:01:51.143Z"}
{"level":"error","message":"Error creating the user: Error: Failed query: select \"id\", \"name\", \"email\", \"password\", \"role\", \"created_at\", \"updated_at\" from \"users\" where \"users\".\"email\" = $1 limit $2\nparams: fiki@gmail.com,1","service":"acquisitions-api","timestamp":"2025-11-01T16:02:09.987Z"}
{"level":"error","message":"Signup error:  Error creating the user","service":"acquisitions-api","stack":"Error: Error creating the user\n    at createUser (file:///app/src/services/auth.service.js:54:11)\n    at process.processTicksAndRejections (node:internal/process/task_queues:95:5)\n    at async signup (file:///app/src/controllers/auth.controller.js:20:18)","timestamp":"2025-11-01T16:02:09.989Z"}
{"level":"info","message":"::ffff:172.19.0.1 - - [01/Nov/2025:16:02:09 +0000] \"POST /api/auth/sign-up HTTP/1.1\" 500 420 \"-\" \"HTTPie\"","service":"acquisitions-api","timestamp":"2025-11-01T16:02:09.996Z"}
{"level":"error","message":"Error creating the user: Error: Failed query: select \"id\", \"name\", \"email\", \"password\", \"role\", \"created_at\", \"updated_at\" from \"users\" where \"users\".\"email\" = $1 limit $2\nparams: fiki@gmail.com,1","service":"acquisitions-api","timestamp":"2025-11-01T16:02:12.041Z"}
{"level":"error","message":"Signup error:  Error creating the user","service":"acquisitions-api","stack":"Error: Error creating the user\n    at createUser (file:///app/src/services/auth.service.js:54:11)\n    at process.processTicksAndRejections (node:internal/process/task_queues:95:5)\n    at async signup (file:///app/src/controllers/auth.controller.js:20:18)","timestamp":"2025-11-01T16:02:12.042Z"}
{"level":"info","message":"::ffff:172.19.0.1 - - [01/Nov/2025:16:02:12 +0000] \"POST /api/auth/sign-up HTTP/1.1\" 500 420 \"-\" \"HTTPie\"","service":"acquisitions-api","timestamp":"2025-11-01T16:02:12.046Z"}
{"level":"info","message":"::1 - - [01/Nov/2025:16:02:21 +0000] \"GET /health HTTP/1.1\" 200 76 \"-\" \"-\"","service":"acquisitions-api","timestamp":"2025-11-01T16:02:21.594Z"}
{"level":"info","message":"::1 - - [01/Nov/2025:16:02:51 +0000] \"GET /health HTTP/1.1\" 200 75 \"-\" \"-\"","service":"acquisitions-api","timestamp":"2025-11-01T16:02:51.891Z"}
{"level":"info","message":"::1 - - [01/Nov/2025:16:03:22 +0000] \"GET /health HTTP/1.1\" 200 76 \"-\" \"-\"","service":"acquisitions-api","timestamp":"2025-11-01T16:03:22.142Z"}
{"level":"info","message":"::1 - - [01/Nov/2025:16:03:52 +0000] \"GET /health HTTP/1.1\" 200 77 \"-\" \"-\"","service":"acquisitions-api","timestamp":"2025-11-01T16:03:52.525Z"}
{"level":"info","message":"::1 - - [01/Nov/2025:16:04:22 +0000] \"GET /health HTTP/1.1\" 200 77 \"-\" \"-\"","service":"acquisitions-api","timestamp":"2025-11-01T16:04:22.830Z"}
{"level":"info","message":"::1 - - [01/Nov/2025:16:04:53 +0000] \"GET /health HTTP/1.1\" 200 77 \"-\" \"-\"","service":"acquisitions-api","timestamp":"2025-11-01T16:04:53.128Z"}
{"level":"info","message":"::1 - - [01/Nov/2025:16:05:23 +0000] \"GET /health HTTP/1.1\" 200 77 \"-\" \"-\"","service":"acquisitions-api","timestamp":"2025-11-01T16:05:23.417Z"}
{"level":"info","message":"::1 - - [01/Nov/2025:16:05:53 +0000] \"GET /health HTTP/1.1\" 200 77 \"-\" \"-\"","service":"acquisitions-api","timestamp":"2025-11-01T16:05:53.835Z"}
{"level":"info","message":"::1 - - [01/Nov/2025:16:06:24 +0000] \"GET /health HTTP/1.1\" 200 76 \"-\" \"-\"","service":"acquisitions-api","timestamp":"2025-11-01T16:06:24.184Z"}
{"level":"info","message":"::1 - - [01/Nov/2025:16:06:54 +0000] \"GET /health HTTP/1.1\" 200 77 \"-\" \"-\"","service":"acquisitions-api","timestamp":"2025-11-01T16:06:54.493Z"}
{"level":"info","message":"::1 - - [01/Nov/2025:16:07:24 +0000] \"GET /health HTTP/1.1\" 200 76 \"-\" \"-\"","service":"acquisitions-api","timestamp":"2025-11-01T16:07:24.837Z"}
{"level":"info","message":"::1 - - [01/Nov/2025:16:07:55 +0000] \"GET /health HTTP/1.1\" 200 77 \"-\" \"-\"","service":"acquisitions-api","timestamp":"2025-11-01T16:07:55.123Z"}
{"level":"info","message":"User created successfully: fiki@gmail.com","service":"acquisitions-api","timestamp":"2025-11-01T16:08:47.936Z"}
{"level":"info","message":"User registered successfully: fiki@gmail.com","service":"acquisitions-api","timestamp":"2025-11-01T16:08:47.948Z"}
{"level":"info","message":"::1 - - [01/Nov/2025:16:08:47 +0000] \"POST /api/auth/sign-up HTTP/1.1\" 201 99 \"-\" \"HTTPie\"","service":"acquisitions-api","timestamp":"2025-11-01T16:08:47.959Z"}
{"level":"info","message":"User authenticated successfully: fiki@gmail.com","service":"acquisitions-api","timestamp":"2025-11-01T16:09:06.676Z"}
{"level":"info","message":"User signed in successfully: fiki@gmail.com","service":"acquisitions-api","timestamp":"2025-11-01T16:09:06.679Z"}
{"level":"info","message":"::1 - - [01/Nov/2025:16:09:06 +0000] \"POST /api/auth/sign-in HTTP/1.1\" 200 98 \"-\" \"HTTPie\"","service":"acquisitions-api","timestamp":"2025-11-01T16:09:06.681Z"}
{"level":"info","message":"Hello from Acquisitions!","service":"acquisitions-api","timestamp":"2025-11-01T23:33:06.827Z"}
{"level":"info","message":"::1 - - [01/Nov/2025:23:33:06 +0000] \"GET / HTTP/1.1\" 200 24 \"-\" \"Mozilla/5.0 (Windows NT 10.0; Win64; x64) AppleWebKit/537.36 (KHTML, like Gecko) Chrome/141.0.0.0 Safari/537.36\"","service":"acquisitions-api","timestamp":"2025-11-01T23:33:06.851Z"}
{"level":"info","message":"Getting users...","service":"acquisitions-api","timestamp":"2025-11-01T23:34:07.889Z"}
{"cause":{"name":"NeonDbError","sourceError":{}},"level":"error","message":"Error getting users:  Failed query: select \"id\", \"name\", \"email\", \"role\", \"created_at\", \"updated_at\" from \"users\"\nparams: ","params":[],"query":"select \"id\", \"name\", \"email\", \"role\", \"created_at\", \"updated_at\" from \"users\"","service":"acquisitions-api","stack":"Error: Failed query: select \"id\", \"name\", \"email\", \"role\", \"created_at\", \"updated_at\" from \"users\"\nparams: \n    at NeonHttpPreparedQuery.queryWithCache (file:///C:/Users/fifof/OneDrive/Po%C4%8D%C3%ADta%C4%8D/React/acquisitions/node_modules/drizzle-orm/pg-core/session.js:41:15)\n    at process.processTicksAndRejections (node:internal/process/task_queues:105:5)\n    at async NeonHttpPreparedQuery.execute (file:///C:/Users/fifof/OneDrive/Po%C4%8D%C3%ADta%C4%8D/React/acquisitions/node_modules/drizzle-orm/neon-http/session.js:45:20)\n    at async getAllUsers (file:///C:/Users/fifof/OneDrive/Po%C4%8D%C3%ADta%C4%8D/React/acquisitions/src/services/users.services.js:7:17)\n    at async fetchAllUsers (file:///C:/Users/fifof/OneDrive/Po%C4%8D%C3%ADta%C4%8D/React/acquisitions/src/controllers/users.controller.js:8:26)","timestamp":"2025-11-01T23:34:18.512Z"}
{"cause":{"name":"NeonDbError","sourceError":{}},"level":"error","message":"Failed query: select \"id\", \"name\", \"email\", \"role\", \"created_at\", \"updated_at\" from \"users\"\nparams: ","params":[],"query":"select \"id\", \"name\", \"email\", \"role\", \"created_at\", \"updated_at\" from \"users\"","service":"acquisitions-api","stack":"Error: Failed query: select \"id\", \"name\", \"email\", \"role\", \"created_at\", \"updated_at\" from \"users\"\nparams: \n    at NeonHttpPreparedQuery.queryWithCache (file:///C:/Users/fifof/OneDrive/Po%C4%8D%C3%ADta%C4%8D/React/acquisitions/node_modules/drizzle-orm/pg-core/session.js:41:15)\n    at process.processTicksAndRejections (node:internal/process/task_queues:105:5)\n    at async NeonHttpPreparedQuery.execute (file:///C:/Users/fifof/OneDrive/Po%C4%8D%C3%ADta%C4%8D/React/acquisitions/node_modules/drizzle-orm/neon-http/session.js:45:20)\n    at async getAllUsers (file:///C:/Users/fifof/OneDrive/Po%C4%8D%C3%ADta%C4%8D/React/acquisitions/src/services/users.services.js:7:17)\n    at async fetchAllUsers (file:///C:/Users/fifof/OneDrive/Po%C4%8D%C3%ADta%C4%8D/React/acquisitions/src/controllers/users.controller.js:8:26)","timestamp":"2025-11-01T23:34:18.513Z"}
{"level":"info","message":"::1 - - [01/Nov/2025:23:34:18 +0000] \"GET /api/users HTTP/1.1\" 500 1077 \"-\" \"Mozilla/5.0 (Windows NT 10.0; Win64; x64) AppleWebKit/537.36 (KHTML, like Gecko) Chrome/141.0.0.0 Safari/537.36\"","service":"acquisitions-api","timestamp":"2025-11-01T23:34:18.520Z"}
{"level":"info","message":"Getting users...","service":"acquisitions-api","timestamp":"2025-11-01T23:36:36.300Z"}
{"level":"info","message":"::1 - - [01/Nov/2025:23:36:36 +0000] \"GET /api/users HTTP/1.1\" 200 497 \"-\" \"Mozilla/5.0 (Windows NT 10.0; Win64; x64) AppleWebKit/537.36 (KHTML, like Gecko) Chrome/141.0.0.0 Safari/537.36\"","service":"acquisitions-api","timestamp":"2025-11-01T23:36:36.901Z"}
{"level":"info","message":"::1 - - [02/Nov/2025:00:04:19 +0000] \"GET /api/users/2 HTTP/1.1\" 401 72 \"-\" \"Mozilla/5.0 (Windows NT 10.0; Win64; x64) AppleWebKit/537.36 (KHTML, like Gecko) Chrome/141.0.0.0 Safari/537.36\"","service":"acquisitions-api","timestamp":"2025-11-02T00:04:19.514Z"}
{"level":"error","message":"Error creating the user: Error: Failed query: select \"id\", \"name\", \"email\", \"password\", \"role\", \"created_at\", \"updated_at\" from \"users\" where \"users\".\"email\" = $1 limit $2\nparams: fiki123@gmail.com,1","service":"acquisitions-api","timestamp":"2025-11-02T00:05:39.683Z"}
{"level":"error","message":"Signup error:  Error creating the user","service":"acquisitions-api","stack":"Error: Error creating the user\n    at createUser (file:///C:/Users/fifof/OneDrive/Po%C4%8D%C3%ADta%C4%8D/React/acquisitions/src/services/auth.service.js:54:11)\n    at process.processTicksAndRejections (node:internal/process/task_queues:105:5)\n    at async signup (file:///C:/Users/fifof/OneDrive/Po%C4%8D%C3%ADta%C4%8D/React/acquisitions/src/controllers/auth.controller.js:20:18)","timestamp":"2025-11-02T00:05:39.687Z"}
{"level":"info","message":"::1 - - [02/Nov/2025:00:05:39 +0000] \"POST /api/auth/sign-up HTTP/1.1\" 500 545 \"-\" \"HTTPie\"","service":"acquisitions-api","timestamp":"2025-11-02T00:05:39.690Z"}
{"level":"error","message":"Error authenticating the user: Error: User not found","service":"acquisitions-api","timestamp":"2025-11-02T00:08:09.667Z"}
{"level":"error","message":"Signin error:  User not found","service":"acquisitions-api","stack":"Error: User not found\n    at authenticateUser (file:///C:/Users/fifof/OneDrive/Po%C4%8D%C3%ADta%C4%8D/React/acquisitions/src/services/auth.service.js:67:13)\n    at process.processTicksAndRejections (node:internal/process/task_queues:105:5)\n    at async signin (file:///C:/Users/fifof/OneDrive/Po%C4%8D%C3%ADta%C4%8D/React/acquisitions/src/controllers/auth.controller.js:68:18)","timestamp":"2025-11-02T00:08:09.670Z"}
{"level":"info","message":"::1 - - [02/Nov/2025:00:08:09 +0000] \"POST /api/auth/sign-in HTTP/1.1\" 404 26 \"-\" \"HTTPie\"","service":"acquisitions-api","timestamp":"2025-11-02T00:08:09.674Z"}
{"level":"info","message":"User authenticated successfully: fiki@gmail.com","service":"acquisitions-api","timestamp":"2025-11-02T00:08:16.880Z"}
{"level":"info","message":"User signed in successfully: fiki@gmail.com","service":"acquisitions-api","timestamp":"2025-11-02T00:08:16.884Z"}
{"level":"info","message":"::1 - - [02/Nov/2025:00:08:16 +0000] \"POST /api/auth/sign-in HTTP/1.1\" 200 101 \"-\" \"HTTPie\"","service":"acquisitions-api","timestamp":"2025-11-02T00:08:16.885Z"}
{"level":"info","message":"User authenticated successfully: fiki@gmail.com","service":"acquisitions-api","timestamp":"2025-11-02T00:08:36.685Z"}
{"level":"info","message":"User signed in successfully: fiki@gmail.com","service":"acquisitions-api","timestamp":"2025-11-02T00:08:36.689Z"}
{"level":"info","message":"::1 - - [02/Nov/2025:00:08:36 +0000] \"POST /api/auth/sign-in HTTP/1.1\" 200 101 \"-\" \"HTTPie\"","service":"acquisitions-api","timestamp":"2025-11-02T00:08:36.692Z"}
{"level":"info","message":"User authenticated: fiki@gmail.com (admin\n)","service":"acquisitions-api","timestamp":"2025-11-02T00:09:48.301Z"}
{"level":"info","message":"Getting user by id: 1","service":"acquisitions-api","timestamp":"2025-11-02T00:09:48.305Z"}
{"level":"info","message":"::1 - - [02/Nov/2025:00:09:48 +0000] \"GET /api/users/1 HTTP/1.1\" 200 192 \"-\" \"HTTPie\"","service":"acquisitions-api","timestamp":"2025-11-02T00:09:48.380Z"}
{"level":"info","message":"User authenticated: fiki@gmail.com (admin\n)","service":"acquisitions-api","timestamp":"2025-11-02T00:09:54.985Z"}
{"level":"info","message":"Getting user by id: 2","service":"acquisitions-api","timestamp":"2025-11-02T00:09:54.986Z"}
{"level":"info","message":"::1 - - [02/Nov/2025:00:09:55 +0000] \"GET /api/users/2 HTTP/1.1\" 200 194 \"-\" \"HTTPie\"","service":"acquisitions-api","timestamp":"2025-11-02T00:09:55.078Z"}
{"level":"info","message":"User authenticated: fiki@gmail.com (admin\n)","service":"acquisitions-api","timestamp":"2025-11-02T00:09:57.852Z"}
{"level":"info","message":"Getting users...","service":"acquisitions-api","timestamp":"2025-11-02T00:09:57.853Z"}
{"level":"info","message":"::1 - - [02/Nov/2025:00:09:57 +0000] \"GET /api/users HTTP/1.1\" 200 352 \"-\" \"HTTPie\"","service":"acquisitions-api","timestamp":"2025-11-02T00:09:57.881Z"}
{"level":"info","message":"User authenticated: fiki@gmail.com (admin\n)","service":"acquisitions-api","timestamp":"2025-11-02T00:10:41.622Z"}
{"level":"warn","message":"Access denied for user fiki@gmail.com with role admin\n. Required: admin","service":"acquisitions-api","timestamp":"2025-11-02T00:10:41.624Z"}
{"level":"info","message":"::1 - - [02/Nov/2025:00:10:41 +0000] \"DELETE /api/users/1 HTTP/1.1\" 403 62 \"-\" \"HTTPie\"","service":"acquisitions-api","timestamp":"2025-11-02T00:10:41.636Z"}
{"level":"info","message":"User authenticated: fiki@gmail.com (admin\n)","service":"acquisitions-api","timestamp":"2025-11-02T00:11:51.027Z"}
{"level":"info","message":"Getting users...","service":"acquisitions-api","timestamp":"2025-11-02T00:11:51.028Z"}
{"cause":{"name":"NeonDbError","sourceError":{}},"level":"error","message":"Error getting users:  Failed query: select \"id\", \"name\", \"email\", \"password\", \"role\", \"created_at\", \"updated_at\" from \"users\"\nparams: ","params":[],"query":"select \"id\", \"name\", \"email\", \"password\", \"role\", \"created_at\", \"updated_at\" from \"users\"","service":"acquisitions-api","stack":"Error: Failed query: select \"id\", \"name\", \"email\", \"password\", \"role\", \"created_at\", \"updated_at\" from \"users\"\nparams: \n    at NeonHttpPreparedQuery.queryWithCache (file:///C:/Users/fifof/OneDrive/Po%C4%8D%C3%ADta%C4%8D/React/acquisitions/node_modules/drizzle-orm/pg-core/session.js:41:15)\n    at process.processTicksAndRejections (node:internal/process/task_queues:105:5)\n    at async NeonHttpPreparedQuery.execute (file:///C:/Users/fifof/OneDrive/Po%C4%8D%C3%ADta%C4%8D/React/acquisitions/node_modules/drizzle-orm/neon-http/session.js:45:20)\n    at async getAllUsers (file:///C:/Users/fifof/OneDrive/Po%C4%8D%C3%ADta%C4%8D/React/acquisitions/src/services/users.services.js:9:12)\n    at async fetchAllUsers (file:///C:/Users/fifof/OneDrive/Po%C4%8D%C3%ADta%C4%8D/React/acquisitions/src/controllers/users.controller.js:11:26)","timestamp":"2025-11-02T00:12:01.674Z"}
{"cause":{"name":"NeonDbError","sourceError":{}},"level":"error","message":"Failed query: select \"id\", \"name\", \"email\", \"password\", \"role\", \"created_at\", \"updated_at\" from \"users\"\nparams: ","params":[],"query":"select \"id\", \"name\", \"email\", \"password\", \"role\", \"created_at\", \"updated_at\" from \"users\"","service":"acquisitions-api","stack":"Error: Failed query: select \"id\", \"name\", \"email\", \"password\", \"role\", \"created_at\", \"updated_at\" from \"users\"\nparams: \n    at NeonHttpPreparedQuery.queryWithCache (file:///C:/Users/fifof/OneDrive/Po%C4%8D%C3%ADta%C4%8D/React/acquisitions/node_modules/drizzle-orm/pg-core/session.js:41:15)\n    at process.processTicksAndRejections (node:internal/process/task_queues:105:5)\n    at async NeonHttpPreparedQuery.execute (file:///C:/Users/fifof/OneDrive/Po%C4%8D%C3%ADta%C4%8D/React/acquisitions/node_modules/drizzle-orm/neon-http/session.js:45:20)\n    at async getAllUsers (file:///C:/Users/fifof/OneDrive/Po%C4%8D%C3%ADta%C4%8D/React/acquisitions/src/services/users.services.js:9:12)\n    at async fetchAllUsers (file:///C:/Users/fifof/OneDrive/Po%C4%8D%C3%ADta%C4%8D/React/acquisitions/src/controllers/users.controller.js:11:26)","timestamp":"2025-11-02T00:12:01.675Z"}
{"level":"info","message":"::1 - - [02/Nov/2025:00:12:01 +0000] \"GET /api/users HTTP/1.1\" 500 1100 \"-\" \"HTTPie\"","service":"acquisitions-api","timestamp":"2025-11-02T00:12:01.679Z"}
{"level":"info","message":"User authenticated: fiki@gmail.com (admin\n)","service":"acquisitions-api","timestamp":"2025-11-02T00:12:29.801Z"}
{"level":"info","message":"Getting users...","service":"acquisitions-api","timestamp":"2025-11-02T00:12:29.802Z"}
{"level":"info","message":"::1 - - [02/Nov/2025:00:12:38 +0000] \"GET /api/users/ HTTP/1.1\" - - \"-\" \"HTTPie\"","service":"acquisitions-api","timestamp":"2025-11-02T00:12:38.687Z"}
{"level":"info","message":"User authenticated: fiki@gmail.com (admin\n)","service":"acquisitions-api","timestamp":"2025-11-02T00:12:40.132Z"}
{"level":"info","message":"Getting user by id: 1","service":"acquisitions-api","timestamp":"2025-11-02T00:12:40.133Z"}
{"cause":{"name":"NeonDbError","sourceError":{}},"level":"error","message":"Error getting users:  Failed query: select \"id\", \"name\", \"email\", \"password\", \"role\", \"created_at\", \"updated_at\" from \"users\"\nparams: ","params":[],"query":"select \"id\", \"name\", \"email\", \"password\", \"role\", \"created_at\", \"updated_at\" from \"users\"","service":"acquisitions-api","stack":"Error: Failed query: select \"id\", \"name\", \"email\", \"password\", \"role\", \"created_at\", \"updated_at\" from \"users\"\nparams: \n    at NeonHttpPreparedQuery.queryWithCache (file:///C:/Users/fifof/OneDrive/Po%C4%8D%C3%ADta%C4%8D/React/acquisitions/node_modules/drizzle-orm/pg-core/session.js:41:15)\n    at process.processTicksAndRejections (node:internal/process/task_queues:105:5)\n    at async NeonHttpPreparedQuery.execute (file:///C:/Users/fifof/OneDrive/Po%C4%8D%C3%ADta%C4%8D/React/acquisitions/node_modules/drizzle-orm/neon-http/session.js:45:20)\n    at async getAllUsers (file:///C:/Users/fifof/OneDrive/Po%C4%8D%C3%ADta%C4%8D/React/acquisitions/src/services/users.services.js:9:12)\n    at async fetchAllUsers (file:///C:/Users/fifof/OneDrive/Po%C4%8D%C3%ADta%C4%8D/React/acquisitions/src/controllers/users.controller.js:11:26)","timestamp":"2025-11-02T00:12:40.398Z"}
{"cause":{"name":"NeonDbError","sourceError":{}},"level":"error","message":"Failed query: select \"id\", \"name\", \"email\", \"password\", \"role\", \"created_at\", \"updated_at\" from \"users\"\nparams: ","params":[],"query":"select \"id\", \"name\", \"email\", \"password\", \"role\", \"created_at\", \"updated_at\" from \"users\"","service":"acquisitions-api","stack":"Error: Failed query: select \"id\", \"name\", \"email\", \"password\", \"role\", \"created_at\", \"updated_at\" from \"users\"\nparams: \n    at NeonHttpPreparedQuery.queryWithCache (file:///C:/Users/fifof/OneDrive/Po%C4%8D%C3%ADta%C4%8D/React/acquisitions/node_modules/drizzle-orm/pg-core/session.js:41:15)\n    at process.processTicksAndRejections (node:internal/process/task_queues:105:5)\n    at async NeonHttpPreparedQuery.execute (file:///C:/Users/fifof/OneDrive/Po%C4%8D%C3%ADta%C4%8D/React/acquisitions/node_modules/drizzle-orm/neon-http/session.js:45:20)\n    at async getAllUsers (file:///C:/Users/fifof/OneDrive/Po%C4%8D%C3%ADta%C4%8D/React/acquisitions/src/services/users.services.js:9:12)\n    at async fetchAllUsers (file:///C:/Users/fifof/OneDrive/Po%C4%8D%C3%ADta%C4%8D/React/acquisitions/src/controllers/users.controller.js:11:26)","timestamp":"2025-11-02T00:12:40.400Z"}
{"level":"info","message":"::1 - - [02/Nov/2025:00:12:40 +0000] \"GET /api/users/1 HTTP/1.1\" 200 192 \"-\" \"HTTPie\"","service":"acquisitions-api","timestamp":"2025-11-02T00:12:40.954Z"}
{"level":"info","message":"User authenticated: fiki@gmail.com (admin\n)","service":"acquisitions-api","timestamp":"2025-11-02T00:12:51.807Z"}
{"level":"info","message":"Getting users...","service":"acquisitions-api","timestamp":"2025-11-02T00:12:51.811Z"}
{"level":"info","message":"::1 - - [02/Nov/2025:00:12:51 +0000] \"GET /api/users HTTP/1.1\" 200 352 \"-\" \"HTTPie\"","service":"acquisitions-api","timestamp":"2025-11-02T00:12:51.915Z"}
{"level":"info","message":"User authenticated: fiki@gmail.com (admin\n)","service":"acquisitions-api","timestamp":"2025-11-02T00:15:50.838Z"}
{"level":"warn","message":"Access denied for user fiki@gmail.com with role admin\n. Required: admin","service":"acquisitions-api","timestamp":"2025-11-02T00:15:50.839Z"}
{"level":"info","message":"::1 - - [02/Nov/2025:00:15:50 +0000] \"DELETE /api/users/1 HTTP/1.1\" 403 62 \"-\" \"HTTPie\"","service":"acquisitions-api","timestamp":"2025-11-02T00:15:50.842Z"}
{"level":"error","message":"Error creating the user: Error: Failed query: select \"id\", \"name\", \"email\", \"password\", \"role\", \"created_at\", \"updated_at\" from \"users\" where \"users\".\"email\" = $1 limit $2\nparams: admin@gmail.com,1","service":"acquisitions-api","timestamp":"2025-11-02T00:17:44.820Z"}
{"level":"error","message":"Signup error:  Error creating the user","service":"acquisitions-api","stack":"Error: Error creating the user\n    at createUser (file:///C:/Users/fifof/OneDrive/Po%C4%8D%C3%ADta%C4%8D/React/acquisitions/src/services/auth.service.js:54:11)\n    at process.processTicksAndRejections (node:internal/process/task_queues:105:5)\n    at async signup (file:///C:/Users/fifof/OneDrive/Po%C4%8D%C3%ADta%C4%8D/React/acquisitions/src/controllers/auth.controller.js:20:18)","timestamp":"2025-11-02T00:17:44.821Z"}
{"level":"info","message":"::1 - - [02/Nov/2025:00:17:44 +0000] \"POST /api/auth/sign-up HTTP/1.1\" 500 545 \"-\" \"HTTPie\"","service":"acquisitions-api","timestamp":"2025-11-02T00:17:44.823Z"}
{"level":"info","message":"User created successfully: admin@gmail.com","service":"acquisitions-api","timestamp":"2025-11-02T12:41:17.549Z"}
{"level":"info","message":"User registered successfully: admin@gmail.com","service":"acquisitions-api","timestamp":"2025-11-02T12:41:17.566Z"}
{"level":"info","message":"::1 - - [02/Nov/2025:12:41:17 +0000] \"POST /api/auth/sign-up HTTP/1.1\" 201 101 \"-\" \"HTTPie\"","service":"acquisitions-api","timestamp":"2025-11-02T12:41:17.572Z"}
{"level":"info","message":"User created successfully: hornak@gmail.com","service":"acquisitions-api","timestamp":"2025-11-02T12:43:23.967Z"}
{"level":"info","message":"User registered successfully: hornak@gmail.com","service":"acquisitions-api","timestamp":"2025-11-02T12:43:23.970Z"}
{"level":"info","message":"::1 - - [02/Nov/2025:12:43:23 +0000] \"POST /api/auth/sign-up HTTP/1.1\" 201 99 \"-\" \"HTTPie\"","service":"acquisitions-api","timestamp":"2025-11-02T12:43:23.973Z"}
{"level":"info","message":"User authenticated successfully: admin@gmail.com","service":"acquisitions-api","timestamp":"2025-11-02T12:44:00.356Z"}
{"level":"info","message":"User signed in successfully: admin@gmail.com","service":"acquisitions-api","timestamp":"2025-11-02T12:44:00.358Z"}
{"level":"info","message":"::1 - - [02/Nov/2025:12:44:00 +0000] \"POST /api/auth/sign-in HTTP/1.1\" 200 100 \"-\" \"HTTPie\"","service":"acquisitions-api","timestamp":"2025-11-02T12:44:00.359Z"}
{"level":"info","message":"::1 - - [02/Nov/2025:12:44:33 +0000] \"GET /api/users HTTP/1.1\" 401 72 \"-\" \"HTTPie\"","service":"acquisitions-api","timestamp":"2025-11-02T12:44:33.068Z"}
{"level":"info","message":"User authenticated: admin@gmail.com (admin)","service":"acquisitions-api","timestamp":"2025-11-02T12:44:46.258Z"}
{"level":"info","message":"Getting users...","service":"acquisitions-api","timestamp":"2025-11-02T12:44:46.259Z"}
{"level":"info","message":"::1 - - [02/Nov/2025:12:44:46 +0000] \"GET /api/users HTTP/1.1\" 200 350 \"-\" \"HTTPie\"","service":"acquisitions-api","timestamp":"2025-11-02T12:44:46.365Z"}
{"level":"info","message":"User authenticated: admin@gmail.com (admin)","service":"acquisitions-api","timestamp":"2025-11-02T12:44:55.621Z"}
{"level":"info","message":"Deleting user id=2 by user id=1 role=admin","service":"acquisitions-api","timestamp":"2025-11-02T12:44:55.624Z"}
{"level":"info","message":"::1 - - [02/Nov/2025:12:44:55 +0000] \"DELETE /api/users/2 HTTP/1.1\" 200 39 \"-\" \"HTTPie\"","service":"acquisitions-api","timestamp":"2025-11-02T12:44:55.710Z"}
{"level":"info","message":"::ffff:127.0.0.1 - - [02/Nov/2025:14:58:51 +0000] \"GET /health HTTP/1.1\" 200 73 \"-\" \"-\"","service":"acquisitions-api","timestamp":"2025-11-02T14:58:51.856Z"}
{"level":"info","message":"::ffff:127.0.0.1 - - [02/Nov/2025:14:58:51 +0000] \"GET /api HTTP/1.1\" 200 41 \"-\" \"-\"","service":"acquisitions-api","timestamp":"2025-11-02T14:58:51.938Z"}
{"level":"info","message":"::ffff:127.0.0.1 - - [02/Nov/2025:14:58:52 +0000] \"GET /nonexsistent HTTP/1.1\" 404 27 \"-\" \"-\"","service":"acquisitions-api","timestamp":"2025-11-02T14:58:52.020Z"}
{"level":"info","message":"::ffff:127.0.0.1 - - [02/Nov/2025:14:59:59 +0000] \"GET /health HTTP/1.1\" 200 73 \"-\" \"-\"","service":"acquisitions-api","timestamp":"2025-11-02T14:59:59.478Z"}
{"level":"info","message":"::ffff:127.0.0.1 - - [02/Nov/2025:14:59:59 +0000] \"GET /api HTTP/1.1\" 200 41 \"-\" \"-\"","service":"acquisitions-api","timestamp":"2025-11-02T14:59:59.561Z"}
{"level":"info","message":"::ffff:127.0.0.1 - - [02/Nov/2025:14:59:59 +0000] \"GET /nonexsistent HTTP/1.1\" 404 27 \"-\" \"-\"","service":"acquisitions-api","timestamp":"2025-11-02T14:59:59.634Z"}
{"level":"info","message":"::ffff:127.0.0.1 - - [02/Nov/2025:15:00:22 +0000] \"GET /health HTTP/1.1\" 200 73 \"-\" \"-\"","service":"acquisitions-api","timestamp":"2025-11-02T15:00:22.208Z"}
{"level":"info","message":"::ffff:127.0.0.1 - - [02/Nov/2025:15:00:22 +0000] \"GET /api HTTP/1.1\" 200 41 \"-\" \"-\"","service":"acquisitions-api","timestamp":"2025-11-02T15:00:22.275Z"}
{"level":"info","message":"::ffff:127.0.0.1 - - [02/Nov/2025:15:00:22 +0000] \"GET /nonexsistent HTTP/1.1\" 404 27 \"-\" \"-\"","service":"acquisitions-api","timestamp":"2025-11-02T15:00:22.326Z"}
